Using pre-set license
Built from '2020.2/release' branch; Version is '2020.2.1f1 (270dd8c3da1c) revision 2559448'; Using compiler version '192528614'; Build Type 'Release'
OS: 'Windows 10  (10.0.0) 64bit' Language: 'en' Physical Memory: 7542 MB
BatchMode: 1, IsHumanControllingUs: 0, StartBugReporterOnCrash: 0, Is64bit: 1, IsPro: 0

 COMMAND LINE ARGUMENTS:
C:\Program Files\Unity\Hub\Editor\2020.2.1f1\Editor\Unity.exe
-adb2
-batchMode
-noUpm
-name
AssetImportWorker0
-projectPath
C:/Users/jimmy/Documents/GitHub/VR_final
-logFile
Logs/AssetImportWorker0.log
-srvPort
56874
Successfully changed project path to: C:/Users/jimmy/Documents/GitHub/VR_final
C:/Users/jimmy/Documents/GitHub/VR_final
Using Asset Import Pipeline V2.
Refreshing native plugins compatible for Editor in 68.32 ms, found 6 plugins.
Preloading 1 native plugins for Editor in 1.15 ms.
Initialize engine version: 2020.2.1f1 (270dd8c3da1c)
[Subsystems] Discovering subsystems at path C:/Program Files/Unity/Hub/Editor/2020.2.1f1/Editor/Data/Resources/UnitySubsystems
[Subsystems] Discovering subsystems at path C:/Users/jimmy/Documents/GitHub/VR_final/Assets
GfxDevice: creating device client; threaded=0
Direct3D:
    Version:  Direct3D 11.0 [level 11.1]
    Renderer: AMD Radeon(TM) Graphics (ID=0x1636)
    Vendor:   
    VRAM:     3771 MB
    Driver:   27.20.11028.10001
Initialize mono
Mono path[0] = 'C:/Program Files/Unity/Hub/Editor/2020.2.1f1/Editor/Data/Managed'
Mono path[1] = 'C:/Program Files/Unity/Hub/Editor/2020.2.1f1/Editor/Data/MonoBleedingEdge/lib/mono/unityjit'
Mono config path = 'C:/Program Files/Unity/Hub/Editor/2020.2.1f1/Editor/Data/MonoBleedingEdge/etc'
Using monoOptions --debugger-agent=transport=dt_socket,embedding=1,server=y,suspend=n,address=127.0.0.1:56244
Begin MonoManager ReloadAssembly
Registering precompiled unity dll's ...
Register platform support module: C:/Program Files/Unity/Hub/Editor/2020.2.1f1/Editor/Data/PlaybackEngines/WebGLSupport/UnityEditor.WebGL.Extensions.dll
Register platform support module: C:/Program Files/Unity/Hub/Editor/2020.2.1f1/Editor/Data/PlaybackEngines/MacStandaloneSupport/UnityEditor.OSXStandalone.Extensions.dll
Register platform support module: C:/Program Files/Unity/Hub/Editor/2020.2.1f1/Editor/Data/PlaybackEngines/WindowsStandaloneSupport/UnityEditor.WindowsStandalone.Extensions.dll
Registered in 0.003200 seconds.
Native extension for WindowsStandalone target not found
Native extension for OSXStandalone target not found
Native extension for WebGL target not found
Refreshing native plugins compatible for Editor in 43.38 ms, found 6 plugins.
Preloading 1 native plugins for Editor in 0.08 ms.
Invoked RoslynAnalysisRunner static constructor.
RoslynAnalysisRunner will not be running.
RoslynAnalysisRunner has terminated.
Mono: successfully reloaded assembly
- Completed reload, in  2.144 seconds
Platform modules already initialized, skipping
Registering precompiled user dll's ...
Registered in 0.007256 seconds.
Begin MonoManager ReloadAssembly
Native extension for WindowsStandalone target not found
Native extension for OSXStandalone target not found
Native extension for WebGL target not found
Refreshing native plugins compatible for Editor in 45.42 ms, found 6 plugins.
Preloading 1 native plugins for Editor in 0.14 ms.
Invoked RoslynAnalysisRunner static constructor.
RoslynAnalysisRunner will not be running.
RoslynAnalysisRunner has terminated.
[XR] OculusXRPlugin: registering subsystems
[XR] Unable to register display lifecyle provider: [1]
[XR] Oculus Input lifecycle provider registered.
[XR] Unable to register input lifecyle provider: [1]
NullReferenceException: Object reference not set to an instance of an object
  at Unity.XR.Oculus.OculusLoader.AssetPathToAbsolutePath (System.String assetPath) [0x00048] in C:\Users\jimmy\Documents\GitHub\VR_final\Library\PackageCache\com.unity.xr.oculus@1.6.1\Runtime\OculusLoader.cs:242 
  at Unity.XR.Oculus.OculusLoader.EditorLoadOVRPlugin () [0x0007b] in C:\Users\jimmy\Documents\GitHub\VR_final\Library\PackageCache\com.unity.xr.oculus@1.6.1\Runtime\OculusLoader.cs:227 

(Filename: Library/PackageCache/com.unity.xr.oculus@1.6.1/Runtime/OculusLoader.cs Line: 242)

Mono: successfully reloaded assembly
- Completed reload, in  0.991 seconds
Platform modules already initialized, skipping
========================================================================
Worker process is ready to serve import requests
Launched and connected shader compiler UnityShaderCompiler.exe after 0.04 seconds
Refreshing native plugins compatible for Editor in 0.73 ms, found 6 plugins.
Preloading 1 native plugins for Editor in 0.12 ms.
Unloading 2021 Unused Serialized files (Serialized files now loaded: 0)
System memory in use before: 92.0 MB.
System memory in use after: 92.1 MB.

Unloading 47 unused Assets to reduce memory usage. Loaded Objects now: 2434.
Total: 2.861100 ms (FindLiveObjects: 0.250400 ms CreateObjectMapping: 0.053300 ms MarkObjects: 2.469800 ms  DeleteObjects: 0.086500 ms)

========================================================================
Received Import Request.
  path: Assets/Tutorial/Resources/Avatars/AvatarHMD.prefab
  artifactKey: Guid(f3ae49da852ff924995fb026cdedb136) Importer(815301076,1909f56bfc062723c751e8b465ee728b)
Start importing Assets/Tutorial/Resources/Avatars/AvatarHMD.prefab using Guid(f3ae49da852ff924995fb026cdedb136) Importer(815301076,1909f56bfc062723c751e8b465ee728b)  -> (artifact id: '13fc7c24c8dcad72a651da4e1859efff') in 0.187108 seconds
  Import took 0.191233 seconds .

========================================================================
Received Import Request.
  Time since last request: 0.000301 seconds.
  path: Assets/Tutorial/Resources/Avatars/AvatarTutorial.prefab
  artifactKey: Guid(74b58d1e7dc1c314bb242853162f9609) Importer(815301076,1909f56bfc062723c751e8b465ee728b)
Start importing Assets/Tutorial/Resources/Avatars/AvatarTutorial.prefab using Guid(74b58d1e7dc1c314bb242853162f9609) Importer(815301076,1909f56bfc062723c751e8b465ee728b)  -> (artifact id: '029a97138f6abd5b4942ab3813a35c6d') in 0.060580 seconds
  Import took 0.064403 seconds .

========================================================================
Received Import Request.
  Time since last request: 96.996579 seconds.
  path: Assets/Tutorial/Resources/ViewingSetups/ViewingSetupTutorial.prefab
  artifactKey: Guid(81d1e57f805260b48a9d3794e4d8a07a) Importer(815301076,1909f56bfc062723c751e8b465ee728b)
Start importing Assets/Tutorial/Resources/ViewingSetups/ViewingSetupTutorial.prefab using Guid(81d1e57f805260b48a9d3794e4d8a07a) Importer(815301076,1909f56bfc062723c751e8b465ee728b)  -> (artifact id: '66de382f27a7b2bcf8e52c2b036bb301') in 0.029357 seconds
  Import took 0.034097 seconds .

========================================================================
Received Import Request.
  Time since last request: 1.329267 seconds.
  path: Assets/Tutorial/Resources/ViewingSetups/ViewingSetupHMD.prefab
  artifactKey: Guid(9e0e0556130fdcc49a039462cc808cd6) Importer(815301076,1909f56bfc062723c751e8b465ee728b)
Start importing Assets/Tutorial/Resources/ViewingSetups/ViewingSetupHMD.prefab using Guid(9e0e0556130fdcc49a039462cc808cd6) Importer(815301076,1909f56bfc062723c751e8b465ee728b)  -> (artifact id: 'afc3a692f04a86ecc2590f7439776a6b') in 0.028325 seconds
  Import took 0.032421 seconds .

========================================================================
Received Prepare
Registering precompiled user dll's ...
Registered in 0.014654 seconds.
Begin MonoManager ReloadAssembly
Native extension for WindowsStandalone target not found
Native extension for OSXStandalone target not found
Native extension for WebGL target not found
Refreshing native plugins compatible for Editor in 0.78 ms, found 6 plugins.
Preloading 1 native plugins for Editor in 0.15 ms.
Invoked RoslynAnalysisRunner static constructor.
RoslynAnalysisRunner will not be running.
RoslynAnalysisRunner has terminated.
NullReferenceException: Object reference not set to an instance of an object
  at Unity.XR.Oculus.OculusLoader.AssetPathToAbsolutePath (System.String assetPath) [0x00048] in C:\Users\jimmy\Documents\GitHub\VR_final\Library\PackageCache\com.unity.xr.oculus@1.6.1\Runtime\OculusLoader.cs:242 
  at Unity.XR.Oculus.OculusLoader.EditorLoadOVRPlugin () [0x0007b] in C:\Users\jimmy\Documents\GitHub\VR_final\Library\PackageCache\com.unity.xr.oculus@1.6.1\Runtime\OculusLoader.cs:227 

(Filename: Library/PackageCache/com.unity.xr.oculus@1.6.1/Runtime/OculusLoader.cs Line: 242)

Mono: successfully reloaded assembly
- Completed reload, in  0.884 seconds
Platform modules already initialized, skipping
Refreshing native plugins compatible for Editor in 0.77 ms, found 6 plugins.
Preloading 1 native plugins for Editor in 0.13 ms.
Unloading 1990 Unused Serialized files (Serialized files now loaded: 0)
System memory in use before: 94.6 MB.
System memory in use after: 94.7 MB.

Unloading 41 unused Assets to reduce memory usage. Loaded Objects now: 2444.
Total: 2.672100 ms (FindLiveObjects: 0.442800 ms CreateObjectMapping: 0.091900 ms MarkObjects: 2.054300 ms  DeleteObjects: 0.081200 ms)

========================================================================
Received Import Request.
  Time since last request: 712.165080 seconds.
  path: Assets/Tutorial/Resources/Avatars/AvatarHMD.prefab
  artifactKey: Guid(f3ae49da852ff924995fb026cdedb136) Importer(815301076,1909f56bfc062723c751e8b465ee728b)
Start importing Assets/Tutorial/Resources/Avatars/AvatarHMD.prefab using Guid(f3ae49da852ff924995fb026cdedb136) Importer(815301076,1909f56bfc062723c751e8b465ee728b)  -> (artifact id: '70fb1584600066dc2c11142f1db24262') in 0.153529 seconds
  Import took 0.157723 seconds .

========================================================================
Received Import Request.
  Time since last request: 32.403838 seconds.
  path: Assets/Tutorial/Resources/ViewingSetups/ViewingSetupHMD.prefab
  artifactKey: Guid(9e0e0556130fdcc49a039462cc808cd6) Importer(815301076,1909f56bfc062723c751e8b465ee728b)
Start importing Assets/Tutorial/Resources/ViewingSetups/ViewingSetupHMD.prefab using Guid(9e0e0556130fdcc49a039462cc808cd6) Importer(815301076,1909f56bfc062723c751e8b465ee728b)  -> (artifact id: 'f08e021ea77ca5435a93083e99248b05') in 0.039129 seconds
  Import took 0.043422 seconds .

========================================================================
Received Import Request.
  Time since last request: 11.470790 seconds.
  path: Assets/Tutorial/Resources/ViewingSetups/ViewingSetupHMD.prefab
  artifactKey: Guid(9e0e0556130fdcc49a039462cc808cd6) Importer(815301076,1909f56bfc062723c751e8b465ee728b)
Start importing Assets/Tutorial/Resources/ViewingSetups/ViewingSetupHMD.prefab using Guid(9e0e0556130fdcc49a039462cc808cd6) Importer(815301076,1909f56bfc062723c751e8b465ee728b)  -> (artifact id: '1cc330ebb25667aeb701c04a7c892207') in 0.030759 seconds
  Import took 0.036994 seconds .

========================================================================
Received Import Request.
  Time since last request: 1.354431 seconds.
  path: Assets/Tutorial/Resources/ViewingSetups/ViewingSetupHMD.prefab
  artifactKey: Guid(9e0e0556130fdcc49a039462cc808cd6) Importer(815301076,1909f56bfc062723c751e8b465ee728b)
Start importing Assets/Tutorial/Resources/ViewingSetups/ViewingSetupHMD.prefab using Guid(9e0e0556130fdcc49a039462cc808cd6) Importer(815301076,1909f56bfc062723c751e8b465ee728b)  -> (artifact id: '97916ff3814538661b837ed96f1a99bd') in 0.030773 seconds
  Import took 0.035391 seconds .

========================================================================
Received Prepare
Registering precompiled user dll's ...
Registered in 0.017618 seconds.
Begin MonoManager ReloadAssembly
Native extension for WindowsStandalone target not found
Native extension for OSXStandalone target not found
Native extension for WebGL target not found
Refreshing native plugins compatible for Editor in 1.54 ms, found 6 plugins.
Preloading 1 native plugins for Editor in 0.28 ms.
Invoked RoslynAnalysisRunner static constructor.
RoslynAnalysisRunner will not be running.
RoslynAnalysisRunner has terminated.
NullReferenceException: Object reference not set to an instance of an object
  at Unity.XR.Oculus.OculusLoader.AssetPathToAbsolutePath (System.String assetPath) [0x00048] in C:\Users\jimmy\Documents\GitHub\VR_final\Library\PackageCache\com.unity.xr.oculus@1.6.1\Runtime\OculusLoader.cs:242 
  at Unity.XR.Oculus.OculusLoader.EditorLoadOVRPlugin () [0x0007b] in C:\Users\jimmy\Documents\GitHub\VR_final\Library\PackageCache\com.unity.xr.oculus@1.6.1\Runtime\OculusLoader.cs:227 

(Filename: Library/PackageCache/com.unity.xr.oculus@1.6.1/Runtime/OculusLoader.cs Line: 242)

Mono: successfully reloaded assembly
- Completed reload, in  1.357 seconds
Platform modules already initialized, skipping
Refreshing native plugins compatible for Editor in 1.49 ms, found 6 plugins.
Preloading 1 native plugins for Editor in 0.18 ms.
Unloading 1990 Unused Serialized files (Serialized files now loaded: 0)
System memory in use before: 94.8 MB.
System memory in use after: 94.9 MB.

Unloading 41 unused Assets to reduce memory usage. Loaded Objects now: 2448.
Total: 3.496600 ms (FindLiveObjects: 0.599000 ms CreateObjectMapping: 0.058200 ms MarkObjects: 2.756100 ms  DeleteObjects: 0.080000 ms)

========================================================================
Received Import Request.
  Time since last request: 60.247513 seconds.
  path: Assets/Tutorial/Resources/Avatars/AvatarHMD.prefab
  artifactKey: Guid(f3ae49da852ff924995fb026cdedb136) Importer(815301076,1909f56bfc062723c751e8b465ee728b)
Start importing Assets/Tutorial/Resources/Avatars/AvatarHMD.prefab using Guid(f3ae49da852ff924995fb026cdedb136) Importer(815301076,1909f56bfc062723c751e8b465ee728b)  -> (artifact id: '13edae2c44e58ec27bfc54c252cca6ab') in 0.247851 seconds
  Import took 0.255410 seconds .

========================================================================
Received Prepare
Registering precompiled user dll's ...
Registered in 0.012353 seconds.
Begin MonoManager ReloadAssembly
Native extension for WindowsStandalone target not found
Native extension for OSXStandalone target not found
Native extension for WebGL target not found
Refreshing native plugins compatible for Editor in 1.90 ms, found 6 plugins.
Preloading 1 native plugins for Editor in 0.34 ms.
Invoked RoslynAnalysisRunner static constructor.
RoslynAnalysisRunner will not be running.
RoslynAnalysisRunner has terminated.
NullReferenceException: Object reference not set to an instance of an object
  at Unity.XR.Oculus.OculusLoader.AssetPathToAbsolutePath (System.String assetPath) [0x00048] in C:\Users\jimmy\Documents\GitHub\VR_final\Library\PackageCache\com.unity.xr.oculus@1.6.1\Runtime\OculusLoader.cs:242 
  at Unity.XR.Oculus.OculusLoader.EditorLoadOVRPlugin () [0x0007b] in C:\Users\jimmy\Documents\GitHub\VR_final\Library\PackageCache\com.unity.xr.oculus@1.6.1\Runtime\OculusLoader.cs:227 

(Filename: Library/PackageCache/com.unity.xr.oculus@1.6.1/Runtime/OculusLoader.cs Line: 242)

Mono: successfully reloaded assembly
- Completed reload, in  1.399 seconds
Platform modules already initialized, skipping
Refreshing native plugins compatible for Editor in 1.77 ms, found 6 plugins.
Preloading 1 native plugins for Editor in 0.28 ms.
Unloading 1990 Unused Serialized files (Serialized files now loaded: 0)
System memory in use before: 95.6 MB.
System memory in use after: 95.7 MB.

Unloading 41 unused Assets to reduce memory usage. Loaded Objects now: 2452.
Total: 14.137400 ms (FindLiveObjects: 1.352000 ms CreateObjectMapping: 0.282400 ms MarkObjects: 12.044500 ms  DeleteObjects: 0.446900 ms)

========================================================================
Received Import Request.
  Time since last request: 27.866809 seconds.
  path: Assets/Tutorial/Resources/Avatars/AvatarHMD.prefab
  artifactKey: Guid(f3ae49da852ff924995fb026cdedb136) Importer(815301076,1909f56bfc062723c751e8b465ee728b)
Start importing Assets/Tutorial/Resources/Avatars/AvatarHMD.prefab using Guid(f3ae49da852ff924995fb026cdedb136) Importer(815301076,1909f56bfc062723c751e8b465ee728b)  -> (artifact id: 'b7e27145d19c55c291f97fcfc45ea26b') in 0.352481 seconds
  Import took 0.364538 seconds .

========================================================================
Received Prepare
Registering precompiled user dll's ...
Registered in 0.016479 seconds.
Begin MonoManager ReloadAssembly
Native extension for WindowsStandalone target not found
Native extension for OSXStandalone target not found
Native extension for WebGL target not found
Refreshing native plugins compatible for Editor in 0.77 ms, found 6 plugins.
Preloading 1 native plugins for Editor in 0.15 ms.
Invoked RoslynAnalysisRunner static constructor.
RoslynAnalysisRunner will not be running.
RoslynAnalysisRunner has terminated.
NullReferenceException: Object reference not set to an instance of an object
  at Unity.XR.Oculus.OculusLoader.AssetPathToAbsolutePath (System.String assetPath) [0x00048] in C:\Users\jimmy\Documents\GitHub\VR_final\Library\PackageCache\com.unity.xr.oculus@1.6.1\Runtime\OculusLoader.cs:242 
  at Unity.XR.Oculus.OculusLoader.EditorLoadOVRPlugin () [0x0007b] in C:\Users\jimmy\Documents\GitHub\VR_final\Library\PackageCache\com.unity.xr.oculus@1.6.1\Runtime\OculusLoader.cs:227 

(Filename: Library/PackageCache/com.unity.xr.oculus@1.6.1/Runtime/OculusLoader.cs Line: 242)

Mono: successfully reloaded assembly
- Completed reload, in  0.881 seconds
Platform modules already initialized, skipping
Refreshing native plugins compatible for Editor in 0.83 ms, found 6 plugins.
Preloading 1 native plugins for Editor in 0.16 ms.
Unloading 1990 Unused Serialized files (Serialized files now loaded: 0)
System memory in use before: 95.8 MB.
System memory in use after: 95.9 MB.

Unloading 41 unused Assets to reduce memory usage. Loaded Objects now: 2456.
Total: 2.942800 ms (FindLiveObjects: 0.576100 ms CreateObjectMapping: 0.103400 ms MarkObjects: 2.177600 ms  DeleteObjects: 0.084000 ms)

========================================================================
Received Import Request.
  Time since last request: 74.997040 seconds.
  path: Assets/Tutorial/Resources/Avatars/AvatarHMD.prefab
  artifactKey: Guid(f3ae49da852ff924995fb026cdedb136) Importer(815301076,1909f56bfc062723c751e8b465ee728b)
Start importing Assets/Tutorial/Resources/Avatars/AvatarHMD.prefab using Guid(f3ae49da852ff924995fb026cdedb136) Importer(815301076,1909f56bfc062723c751e8b465ee728b)  -> (artifact id: '48c6261b547789851d5455b6e796a5d4') in 0.239160 seconds
  Import took 0.243579 seconds .

========================================================================
Received Import Request.
  Time since last request: 1.295311 seconds.
  path: Assets/Tutorial/Resources/Avatars/AvatarHMD.prefab
  artifactKey: Guid(f3ae49da852ff924995fb026cdedb136) Importer(815301076,1909f56bfc062723c751e8b465ee728b)
Start importing Assets/Tutorial/Resources/Avatars/AvatarHMD.prefab using Guid(f3ae49da852ff924995fb026cdedb136) Importer(815301076,1909f56bfc062723c751e8b465ee728b)  -> (artifact id: '48c6261b547789851d5455b6e796a5d4') in 0.064948 seconds
  Import took 0.069034 seconds .

========================================================================
Received Prepare
Registering precompiled user dll's ...
Registered in 0.016530 seconds.
Begin MonoManager ReloadAssembly
Native extension for WindowsStandalone target not found
Native extension for OSXStandalone target not found
Native extension for WebGL target not found
Refreshing native plugins compatible for Editor in 0.78 ms, found 6 plugins.
Preloading 1 native plugins for Editor in 0.14 ms.
Invoked RoslynAnalysisRunner static constructor.
RoslynAnalysisRunner will not be running.
RoslynAnalysisRunner has terminated.
NullReferenceException: Object reference not set to an instance of an object
  at Unity.XR.Oculus.OculusLoader.AssetPathToAbsolutePath (System.String assetPath) [0x00048] in C:\Users\jimmy\Documents\GitHub\VR_final\Library\PackageCache\com.unity.xr.oculus@1.6.1\Runtime\OculusLoader.cs:242 
  at Unity.XR.Oculus.OculusLoader.EditorLoadOVRPlugin () [0x0007b] in C:\Users\jimmy\Documents\GitHub\VR_final\Library\PackageCache\com.unity.xr.oculus@1.6.1\Runtime\OculusLoader.cs:227 

(Filename: Library/PackageCache/com.unity.xr.oculus@1.6.1/Runtime/OculusLoader.cs Line: 242)

Mono: successfully reloaded assembly
- Completed reload, in  0.932 seconds
Platform modules already initialized, skipping
Refreshing native plugins compatible for Editor in 0.82 ms, found 6 plugins.
Preloading 1 native plugins for Editor in 0.13 ms.
Unloading 1990 Unused Serialized files (Serialized files now loaded: 0)
System memory in use before: 95.5 MB.
System memory in use after: 95.6 MB.

Unloading 41 unused Assets to reduce memory usage. Loaded Objects now: 2460.
Total: 3.306100 ms (FindLiveObjects: 0.584300 ms CreateObjectMapping: 0.221800 ms MarkObjects: 2.425400 ms  DeleteObjects: 0.072700 ms)

========================================================================
Received Prepare
Registering precompiled user dll's ...
Registered in 0.018629 seconds.
Begin MonoManager ReloadAssembly
Native extension for WindowsStandalone target not found
Native extension for OSXStandalone target not found
Native extension for WebGL target not found
Refreshing native plugins compatible for Editor in 0.80 ms, found 6 plugins.
Preloading 1 native plugins for Editor in 0.17 ms.
Invoked RoslynAnalysisRunner static constructor.
RoslynAnalysisRunner will not be running.
RoslynAnalysisRunner has terminated.
NullReferenceException: Object reference not set to an instance of an object
  at Unity.XR.Oculus.OculusLoader.AssetPathToAbsolutePath (System.String assetPath) [0x00048] in C:\Users\jimmy\Documents\GitHub\VR_final\Library\PackageCache\com.unity.xr.oculus@1.6.1\Runtime\OculusLoader.cs:242 
  at Unity.XR.Oculus.OculusLoader.EditorLoadOVRPlugin () [0x0007b] in C:\Users\jimmy\Documents\GitHub\VR_final\Library\PackageCache\com.unity.xr.oculus@1.6.1\Runtime\OculusLoader.cs:227 

(Filename: Library/PackageCache/com.unity.xr.oculus@1.6.1/Runtime/OculusLoader.cs Line: 242)

Mono: successfully reloaded assembly
- Completed reload, in  0.962 seconds
Platform modules already initialized, skipping
Refreshing native plugins compatible for Editor in 0.77 ms, found 6 plugins.
Preloading 1 native plugins for Editor in 0.13 ms.
Unloading 1990 Unused Serialized files (Serialized files now loaded: 0)
System memory in use before: 95.9 MB.
System memory in use after: 96.0 MB.

Unloading 40 unused Assets to reduce memory usage. Loaded Objects now: 2463.
Total: 3.243600 ms (FindLiveObjects: 0.341400 ms CreateObjectMapping: 0.093300 ms MarkObjects: 2.395400 ms  DeleteObjects: 0.411200 ms)

========================================================================
Received Prepare
Registering precompiled user dll's ...
Registered in 0.038033 seconds.
Begin MonoManager ReloadAssembly
Native extension for WindowsStandalone target not found
Native extension for OSXStandalone target not found
Native extension for WebGL target not found
Refreshing native plugins compatible for Editor in 2.05 ms, found 6 plugins.
Preloading 1 native plugins for Editor in 0.74 ms.
Invoked RoslynAnalysisRunner static constructor.
RoslynAnalysisRunner will not be running.
RoslynAnalysisRunner has terminated.
NullReferenceException: Object reference not set to an instance of an object
  at Unity.XR.Oculus.OculusLoader.AssetPathToAbsolutePath (System.String assetPath) [0x00048] in C:\Users\jimmy\Documents\GitHub\VR_final\Library\PackageCache\com.unity.xr.oculus@1.6.1\Runtime\OculusLoader.cs:242 
  at Unity.XR.Oculus.OculusLoader.EditorLoadOVRPlugin () [0x0007b] in C:\Users\jimmy\Documents\GitHub\VR_final\Library\PackageCache\com.unity.xr.oculus@1.6.1\Runtime\OculusLoader.cs:227 

(Filename: Library/PackageCache/com.unity.xr.oculus@1.6.1/Runtime/OculusLoader.cs Line: 242)

Mono: successfully reloaded assembly
- Completed reload, in  1.604 seconds
Platform modules already initialized, skipping
Refreshing native plugins compatible for Editor in 1.69 ms, found 6 plugins.
Preloading 1 native plugins for Editor in 0.30 ms.
Unloading 1990 Unused Serialized files (Serialized files now loaded: 0)
System memory in use before: 95.4 MB.
System memory in use after: 95.5 MB.

Unloading 40 unused Assets to reduce memory usage. Loaded Objects now: 2466.
Total: 6.037400 ms (FindLiveObjects: 1.098000 ms CreateObjectMapping: 0.227500 ms MarkObjects: 4.555800 ms  DeleteObjects: 0.152800 ms)

========================================================================
Received Prepare
Registering precompiled user dll's ...
Registered in 0.008257 seconds.
Begin MonoManager ReloadAssembly
Native extension for WindowsStandalone target not found
Native extension for OSXStandalone target not found
Native extension for WebGL target not found
Refreshing native plugins compatible for Editor in 0.79 ms, found 6 plugins.
Preloading 1 native plugins for Editor in 0.15 ms.
Invoked RoslynAnalysisRunner static constructor.
RoslynAnalysisRunner will not be running.
RoslynAnalysisRunner has terminated.
NullReferenceException: Object reference not set to an instance of an object
  at Unity.XR.Oculus.OculusLoader.AssetPathToAbsolutePath (System.String assetPath) [0x00048] in C:\Users\jimmy\Documents\GitHub\VR_final\Library\PackageCache\com.unity.xr.oculus@1.6.1\Runtime\OculusLoader.cs:242 
  at Unity.XR.Oculus.OculusLoader.EditorLoadOVRPlugin () [0x0007b] in C:\Users\jimmy\Documents\GitHub\VR_final\Library\PackageCache\com.unity.xr.oculus@1.6.1\Runtime\OculusLoader.cs:227 

(Filename: Library/PackageCache/com.unity.xr.oculus@1.6.1/Runtime/OculusLoader.cs Line: 242)

Mono: successfully reloaded assembly
- Completed reload, in  0.890 seconds
Platform modules already initialized, skipping
Refreshing native plugins compatible for Editor in 0.78 ms, found 6 plugins.
Preloading 1 native plugins for Editor in 0.11 ms.
Unloading 1990 Unused Serialized files (Serialized files now loaded: 0)
System memory in use before: 95.9 MB.
System memory in use after: 96.0 MB.

Unloading 40 unused Assets to reduce memory usage. Loaded Objects now: 2469.
Total: 3.289300 ms (FindLiveObjects: 0.257500 ms CreateObjectMapping: 0.046200 ms MarkObjects: 2.905700 ms  DeleteObjects: 0.078200 ms)

========================================================================
Received Import Request.
  Time since last request: 6190.390636 seconds.
  path: Assets/Photon/PhotonUnityNetworking/Demos/DemoSlotRacer/Kenney Assets/Racing Kit/Models/Materials/bark.mat
  artifactKey: Guid(5b3826dd21e1d2b4a947c774023d1db3) Importer(815301076,1909f56bfc062723c751e8b465ee728b)
Start importing Assets/Photon/PhotonUnityNetworking/Demos/DemoSlotRacer/Kenney Assets/Racing Kit/Models/Materials/bark.mat using Guid(5b3826dd21e1d2b4a947c774023d1db3) Importer(815301076,1909f56bfc062723c751e8b465ee728b)  -> (artifact id: '6e6983d5eb2ab32a037e8da3d3dafe84') in 0.137844 seconds
  Import took 0.143259 seconds .

========================================================================
Received Import Request.
  Time since last request: 31.659919 seconds.
  path: Assets/Photon/PhotonUnityNetworking/Demos/DemoSlotRacer/Kenney Assets/Stylized city/Materials/No Name.mat
  artifactKey: Guid(a773bd7a075f9534e9c9ed1eb6e9a30f) Importer(815301076,1909f56bfc062723c751e8b465ee728b)
Start importing Assets/Photon/PhotonUnityNetworking/Demos/DemoSlotRacer/Kenney Assets/Stylized city/Materials/No Name.mat using Guid(a773bd7a075f9534e9c9ed1eb6e9a30f) Importer(815301076,1909f56bfc062723c751e8b465ee728b)  -> (artifact id: 'a2ea91e09f4792e7f9725eda6b1c2f1b') in 0.039438 seconds
  Import took 0.043675 seconds .

========================================================================
Received Import Request.
  Time since last request: 0.000254 seconds.
  path: Assets/Photon/PhotonUnityNetworking/Icons/PunIconApp512.png
  artifactKey: Guid(7377013011b4c3348809ff574abe799e) Importer(815301076,1909f56bfc062723c751e8b465ee728b)
Start importing Assets/Photon/PhotonUnityNetworking/Icons/PunIconApp512.png using Guid(7377013011b4c3348809ff574abe799e) Importer(815301076,1909f56bfc062723c751e8b465ee728b)  -> (artifact id: 'bef382d25d1ad6eb1ced751e364173fb') in 0.084876 seconds
  Import took 0.088384 seconds .

========================================================================
Received Import Request.
  Time since last request: 0.000249 seconds.
  path: Assets/Photon/PhotonUnityNetworking/Icons/PunIconApp128.png
  artifactKey: Guid(f00feafcf0675cd47a48f83ae42b06d4) Importer(815301076,1909f56bfc062723c751e8b465ee728b)
Start importing Assets/Photon/PhotonUnityNetworking/Icons/PunIconApp128.png using Guid(f00feafcf0675cd47a48f83ae42b06d4) Importer(815301076,1909f56bfc062723c751e8b465ee728b)  -> (artifact id: '8106fd8c8c4ded1e6bd7349e28279843') in 0.044561 seconds
  Import took 0.049615 seconds .

========================================================================
Received Import Request.
  Time since last request: 0.001209 seconds.
  path: Assets/Photon/PhotonUnityNetworking/Icons/PunIconApp32.png
  artifactKey: Guid(436c5e63723127948af8857e903f658a) Importer(815301076,1909f56bfc062723c751e8b465ee728b)
Start importing Assets/Photon/PhotonUnityNetworking/Icons/PunIconApp32.png using Guid(436c5e63723127948af8857e903f658a) Importer(815301076,1909f56bfc062723c751e8b465ee728b)  -> (artifact id: '3972f370e3fef242872e3617e5ba9d9c') in 0.045932 seconds
  Import took 0.051076 seconds .

========================================================================
Received Import Request.
  Time since last request: 0.000393 seconds.
  path: Assets/Photon/PhotonUnityNetworking/Icons/PunIconApp48.png
  artifactKey: Guid(44ebd8e6f42cae445ab4b22f0a9b48a0) Importer(815301076,1909f56bfc062723c751e8b465ee728b)
Start importing Assets/Photon/PhotonUnityNetworking/Icons/PunIconApp48.png using Guid(44ebd8e6f42cae445ab4b22f0a9b48a0) Importer(815301076,1909f56bfc062723c751e8b465ee728b)  -> (artifact id: '111277b07038d592249185c49e88972a') in 0.044450 seconds
  Import took 0.051780 seconds .

========================================================================
Received Import Request.
  Time since last request: 0.000291 seconds.
  path: Assets/Photon/PhotonUnityNetworking/Icons/PunIconApp32.png
  artifactKey: Guid(436c5e63723127948af8857e903f658a) Importer(815301076,1909f56bfc062723c751e8b465ee728b)
Start importing Assets/Photon/PhotonUnityNetworking/Icons/PunIconApp32.png using Guid(436c5e63723127948af8857e903f658a) Importer(815301076,1909f56bfc062723c751e8b465ee728b)  -> (artifact id: '3972f370e3fef242872e3617e5ba9d9c') in 0.034495 seconds
  Import took 0.038332 seconds .

========================================================================
Received Prepare
Registering precompiled user dll's ...
Registered in 0.007687 seconds.
Begin MonoManager ReloadAssembly
Native extension for WindowsStandalone target not found
Native extension for OSXStandalone target not found
Native extension for WebGL target not found
Refreshing native plugins compatible for Editor in 0.84 ms, found 6 plugins.
Preloading 1 native plugins for Editor in 0.16 ms.
Invoked RoslynAnalysisRunner static constructor.
RoslynAnalysisRunner will not be running.
RoslynAnalysisRunner has terminated.
NullReferenceException: Object reference not set to an instance of an object
  at Unity.XR.Oculus.OculusLoader.AssetPathToAbsolutePath (System.String assetPath) [0x00048] in C:\Users\jimmy\Documents\GitHub\VR_final\Library\PackageCache\com.unity.xr.oculus@1.6.1\Runtime\OculusLoader.cs:242 
  at Unity.XR.Oculus.OculusLoader.EditorLoadOVRPlugin () [0x0007b] in C:\Users\jimmy\Documents\GitHub\VR_final\Library\PackageCache\com.unity.xr.oculus@1.6.1\Runtime\OculusLoader.cs:227 

(Filename: Library/PackageCache/com.unity.xr.oculus@1.6.1/Runtime/OculusLoader.cs Line: 242)

Mono: successfully reloaded assembly
- Completed reload, in  0.935 seconds
Platform modules already initialized, skipping
Refreshing native plugins compatible for Editor in 1.24 ms, found 6 plugins.
Preloading 1 native plugins for Editor in 0.13 ms.
Unloading 1990 Unused Serialized files (Serialized files now loaded: 0)
System memory in use before: 96.1 MB.
System memory in use after: 96.2 MB.

Unloading 40 unused Assets to reduce memory usage. Loaded Objects now: 2512.
Total: 2.343900 ms (FindLiveObjects: 0.301600 ms CreateObjectMapping: 0.048000 ms MarkObjects: 1.924200 ms  DeleteObjects: 0.067400 ms)

========================================================================
Received Import Request.
  Time since last request: 214.722495 seconds.
  path: Assets/VRSYS/Scripts/Navigation/NavigationBase.cs
  artifactKey: Guid(b5c0c9e69147ed34dbb23f7265cead87) Importer(815301076,1909f56bfc062723c751e8b465ee728b)
Start importing Assets/VRSYS/Scripts/Navigation/NavigationBase.cs using Guid(b5c0c9e69147ed34dbb23f7265cead87) Importer(815301076,1909f56bfc062723c751e8b465ee728b)  -> (artifact id: '146624de247b6c8f226ccd1dde2e7e7d') in 0.038484 seconds
  Import took 0.042788 seconds .

========================================================================
Received Prepare
Registering precompiled user dll's ...
Registered in 0.007417 seconds.
Begin MonoManager ReloadAssembly
Native extension for WindowsStandalone target not found
Native extension for OSXStandalone target not found
Native extension for WebGL target not found
Refreshing native plugins compatible for Editor in 0.78 ms, found 6 plugins.
Preloading 1 native plugins for Editor in 0.15 ms.
Invoked RoslynAnalysisRunner static constructor.
RoslynAnalysisRunner will not be running.
RoslynAnalysisRunner has terminated.
NullReferenceException: Object reference not set to an instance of an object
  at Unity.XR.Oculus.OculusLoader.AssetPathToAbsolutePath (System.String assetPath) [0x00048] in C:\Users\jimmy\Documents\GitHub\VR_final\Library\PackageCache\com.unity.xr.oculus@1.6.1\Runtime\OculusLoader.cs:242 
  at Unity.XR.Oculus.OculusLoader.EditorLoadOVRPlugin () [0x0007b] in C:\Users\jimmy\Documents\GitHub\VR_final\Library\PackageCache\com.unity.xr.oculus@1.6.1\Runtime\OculusLoader.cs:227 

(Filename: Library/PackageCache/com.unity.xr.oculus@1.6.1/Runtime/OculusLoader.cs Line: 242)

Mono: successfully reloaded assembly
- Completed reload, in  0.904 seconds
Platform modules already initialized, skipping
Refreshing native plugins compatible for Editor in 0.78 ms, found 6 plugins.
Preloading 1 native plugins for Editor in 0.12 ms.
Unloading 1990 Unused Serialized files (Serialized files now loaded: 0)
System memory in use before: 96.0 MB.
System memory in use after: 96.1 MB.

Unloading 40 unused Assets to reduce memory usage. Loaded Objects now: 2515.
Total: 3.464300 ms (FindLiveObjects: 0.542300 ms CreateObjectMapping: 0.107600 ms MarkObjects: 2.742200 ms  DeleteObjects: 0.069900 ms)

========================================================================
Received Prepare
Registering precompiled user dll's ...
Registered in 0.008207 seconds.
Begin MonoManager ReloadAssembly
Native extension for WindowsStandalone target not found
Native extension for OSXStandalone target not found
Native extension for WebGL target not found
Refreshing native plugins compatible for Editor in 0.79 ms, found 6 plugins.
Preloading 1 native plugins for Editor in 0.14 ms.
Invoked RoslynAnalysisRunner static constructor.
RoslynAnalysisRunner will not be running.
RoslynAnalysisRunner has terminated.
NullReferenceException: Object reference not set to an instance of an object
  at Unity.XR.Oculus.OculusLoader.AssetPathToAbsolutePath (System.String assetPath) [0x00048] in C:\Users\jimmy\Documents\GitHub\VR_final\Library\PackageCache\com.unity.xr.oculus@1.6.1\Runtime\OculusLoader.cs:242 
  at Unity.XR.Oculus.OculusLoader.EditorLoadOVRPlugin () [0x0007b] in C:\Users\jimmy\Documents\GitHub\VR_final\Library\PackageCache\com.unity.xr.oculus@1.6.1\Runtime\OculusLoader.cs:227 

(Filename: Library/PackageCache/com.unity.xr.oculus@1.6.1/Runtime/OculusLoader.cs Line: 242)

Mono: successfully reloaded assembly
- Completed reload, in  0.878 seconds
Platform modules already initialized, skipping
Refreshing native plugins compatible for Editor in 0.77 ms, found 6 plugins.
Preloading 1 native plugins for Editor in 0.12 ms.
Unloading 1990 Unused Serialized files (Serialized files now loaded: 0)
System memory in use before: 96.1 MB.
System memory in use after: 96.2 MB.

Unloading 40 unused Assets to reduce memory usage. Loaded Objects now: 2518.
Total: 2.998700 ms (FindLiveObjects: 0.396700 ms CreateObjectMapping: 0.117700 ms MarkObjects: 2.413300 ms  DeleteObjects: 0.068900 ms)

========================================================================
Received Import Request.
  Time since last request: 310.721419 seconds.
  path: Assets/Tutorial/Resources/Avatars/AvatarHMD.prefab
  artifactKey: Guid(f3ae49da852ff924995fb026cdedb136) Importer(815301076,1909f56bfc062723c751e8b465ee728b)
Start importing Assets/Tutorial/Resources/Avatars/AvatarHMD.prefab using Guid(f3ae49da852ff924995fb026cdedb136) Importer(815301076,1909f56bfc062723c751e8b465ee728b)  -> (artifact id: 'cfb5f7e9f5843b88ea37486bc970d189') in 0.191693 seconds
  Import took 0.196661 seconds .

========================================================================
Received Import Request.
  Time since last request: 14.996518 seconds.
  path: Assets/Tutorial/Resources/ViewingSetups/ViewingSetupHMD.prefab
  artifactKey: Guid(9e0e0556130fdcc49a039462cc808cd6) Importer(815301076,1909f56bfc062723c751e8b465ee728b)
Start importing Assets/Tutorial/Resources/ViewingSetups/ViewingSetupHMD.prefab using Guid(9e0e0556130fdcc49a039462cc808cd6) Importer(815301076,1909f56bfc062723c751e8b465ee728b)  -> (artifact id: '940d547b4e34a95ba754fbcd85505a1e') in 0.034143 seconds
  Import took 0.039325 seconds .

========================================================================
Received Import Request.
  Time since last request: 3.672885 seconds.
  path: Assets/Tutorial/Resources/ViewingSetups/ViewingSetupHMD.prefab
  artifactKey: Guid(9e0e0556130fdcc49a039462cc808cd6) Importer(815301076,1909f56bfc062723c751e8b465ee728b)
Start importing Assets/Tutorial/Resources/ViewingSetups/ViewingSetupHMD.prefab using Guid(9e0e0556130fdcc49a039462cc808cd6) Importer(815301076,1909f56bfc062723c751e8b465ee728b)  -> (artifact id: '30a4c6cc73b546dae08308ee46c5051e') in 0.028440 seconds
  Import took 0.032816 seconds .

========================================================================
Received Import Request.
  Time since last request: 48.214738 seconds.
  path: Assets/Tutorial/Resources/ViewingSetups/ViewingSetupHMD.prefab
  artifactKey: Guid(9e0e0556130fdcc49a039462cc808cd6) Importer(815301076,1909f56bfc062723c751e8b465ee728b)
Start importing Assets/Tutorial/Resources/ViewingSetups/ViewingSetupHMD.prefab using Guid(9e0e0556130fdcc49a039462cc808cd6) Importer(815301076,1909f56bfc062723c751e8b465ee728b)  -> (artifact id: '45d8fec971070a5d2818bbe74416fde5') in 0.026584 seconds
  Import took 0.032255 seconds .

========================================================================
Received Import Request.
  Time since last request: 11.277515 seconds.
  path: Assets/Tutorial/Resources/ViewingSetups/ViewingSetupHMD.prefab
  artifactKey: Guid(9e0e0556130fdcc49a039462cc808cd6) Importer(815301076,1909f56bfc062723c751e8b465ee728b)
Start importing Assets/Tutorial/Resources/ViewingSetups/ViewingSetupHMD.prefab using Guid(9e0e0556130fdcc49a039462cc808cd6) Importer(815301076,1909f56bfc062723c751e8b465ee728b)  -> (artifact id: '0c4e61c8356c938ea4e7d6ce37e91783') in 0.027350 seconds
  Import took 0.032338 seconds .

========================================================================
Received Prepare
Registering precompiled user dll's ...
Registered in 0.006647 seconds.
Begin MonoManager ReloadAssembly
Native extension for WindowsStandalone target not found
Native extension for OSXStandalone target not found
Native extension for WebGL target not found
Refreshing native plugins compatible for Editor in 0.82 ms, found 6 plugins.
Preloading 1 native plugins for Editor in 0.15 ms.
Invoked RoslynAnalysisRunner static constructor.
RoslynAnalysisRunner will not be running.
RoslynAnalysisRunner has terminated.
NullReferenceException: Object reference not set to an instance of an object
  at Unity.XR.Oculus.OculusLoader.AssetPathToAbsolutePath (System.String assetPath) [0x00048] in C:\Users\jimmy\Documents\GitHub\VR_final\Library\PackageCache\com.unity.xr.oculus@1.6.1\Runtime\OculusLoader.cs:242 
  at Unity.XR.Oculus.OculusLoader.EditorLoadOVRPlugin () [0x0007b] in C:\Users\jimmy\Documents\GitHub\VR_final\Library\PackageCache\com.unity.xr.oculus@1.6.1\Runtime\OculusLoader.cs:227 

(Filename: Library/PackageCache/com.unity.xr.oculus@1.6.1/Runtime/OculusLoader.cs Line: 242)

Mono: successfully reloaded assembly
- Completed reload, in  0.894 seconds
Platform modules already initialized, skipping
Refreshing native plugins compatible for Editor in 0.78 ms, found 6 plugins.
Preloading 1 native plugins for Editor in 0.16 ms.
Unloading 1990 Unused Serialized files (Serialized files now loaded: 0)
System memory in use before: 95.9 MB.
System memory in use after: 96.0 MB.

Unloading 41 unused Assets to reduce memory usage. Loaded Objects now: 2522.
Total: 2.670700 ms (FindLiveObjects: 0.326500 ms CreateObjectMapping: 0.094400 ms MarkObjects: 2.171600 ms  DeleteObjects: 0.076600 ms)

========================================================================
Received Prepare
Registering precompiled user dll's ...
Registered in 0.015855 seconds.
Begin MonoManager ReloadAssembly
Native extension for WindowsStandalone target not found
Native extension for OSXStandalone target not found
Native extension for WebGL target not found
Refreshing native plugins compatible for Editor in 0.79 ms, found 6 plugins.
Preloading 1 native plugins for Editor in 0.16 ms.
Invoked RoslynAnalysisRunner static constructor.
RoslynAnalysisRunner will not be running.
RoslynAnalysisRunner has terminated.
NullReferenceException: Object reference not set to an instance of an object
  at Unity.XR.Oculus.OculusLoader.AssetPathToAbsolutePath (System.String assetPath) [0x00048] in C:\Users\jimmy\Documents\GitHub\VR_final\Library\PackageCache\com.unity.xr.oculus@1.6.1\Runtime\OculusLoader.cs:242 
  at Unity.XR.Oculus.OculusLoader.EditorLoadOVRPlugin () [0x0007b] in C:\Users\jimmy\Documents\GitHub\VR_final\Library\PackageCache\com.unity.xr.oculus@1.6.1\Runtime\OculusLoader.cs:227 

(Filename: Library/PackageCache/com.unity.xr.oculus@1.6.1/Runtime/OculusLoader.cs Line: 242)

Mono: successfully reloaded assembly
- Completed reload, in  0.891 seconds
Platform modules already initialized, skipping
Refreshing native plugins compatible for Editor in 1.29 ms, found 6 plugins.
Preloading 1 native plugins for Editor in 0.13 ms.
Unloading 1990 Unused Serialized files (Serialized files now loaded: 0)
System memory in use before: 96.2 MB.
System memory in use after: 96.3 MB.

Unloading 40 unused Assets to reduce memory usage. Loaded Objects now: 2525.
Total: 2.788100 ms (FindLiveObjects: 0.323700 ms CreateObjectMapping: 0.089300 ms MarkObjects: 2.297300 ms  DeleteObjects: 0.076200 ms)

========================================================================
Received Prepare
Registering precompiled user dll's ...
Registered in 0.015574 seconds.
Begin MonoManager ReloadAssembly
Native extension for WindowsStandalone target not found
Native extension for OSXStandalone target not found
Native extension for WebGL target not found
Refreshing native plugins compatible for Editor in 0.80 ms, found 6 plugins.
Preloading 1 native plugins for Editor in 0.14 ms.
Invoked RoslynAnalysisRunner static constructor.
RoslynAnalysisRunner will not be running.
RoslynAnalysisRunner has terminated.
NullReferenceException: Object reference not set to an instance of an object
  at Unity.XR.Oculus.OculusLoader.AssetPathToAbsolutePath (System.String assetPath) [0x00048] in C:\Users\jimmy\Documents\GitHub\VR_final\Library\PackageCache\com.unity.xr.oculus@1.6.1\Runtime\OculusLoader.cs:242 
  at Unity.XR.Oculus.OculusLoader.EditorLoadOVRPlugin () [0x0007b] in C:\Users\jimmy\Documents\GitHub\VR_final\Library\PackageCache\com.unity.xr.oculus@1.6.1\Runtime\OculusLoader.cs:227 

(Filename: Library/PackageCache/com.unity.xr.oculus@1.6.1/Runtime/OculusLoader.cs Line: 242)

Mono: successfully reloaded assembly
- Completed reload, in  0.892 seconds
Platform modules already initialized, skipping
Refreshing native plugins compatible for Editor in 0.76 ms, found 6 plugins.
Preloading 1 native plugins for Editor in 0.14 ms.
Unloading 1990 Unused Serialized files (Serialized files now loaded: 0)
System memory in use before: 95.8 MB.
System memory in use after: 95.9 MB.

Unloading 40 unused Assets to reduce memory usage. Loaded Objects now: 2528.
Total: 2.887200 ms (FindLiveObjects: 0.334400 ms CreateObjectMapping: 0.097800 ms MarkObjects: 2.243400 ms  DeleteObjects: 0.209000 ms)

========================================================================
Received Prepare
Registering precompiled user dll's ...
Registered in 0.007031 seconds.
Begin MonoManager ReloadAssembly
Native extension for WindowsStandalone target not found
Native extension for OSXStandalone target not found
Native extension for WebGL target not found
Refreshing native plugins compatible for Editor in 0.78 ms, found 6 plugins.
Preloading 1 native plugins for Editor in 0.14 ms.
Invoked RoslynAnalysisRunner static constructor.
RoslynAnalysisRunner will not be running.
RoslynAnalysisRunner has terminated.
NullReferenceException: Object reference not set to an instance of an object
  at Unity.XR.Oculus.OculusLoader.AssetPathToAbsolutePath (System.String assetPath) [0x00048] in C:\Users\jimmy\Documents\GitHub\VR_final\Library\PackageCache\com.unity.xr.oculus@1.6.1\Runtime\OculusLoader.cs:242 
  at Unity.XR.Oculus.OculusLoader.EditorLoadOVRPlugin () [0x0007b] in C:\Users\jimmy\Documents\GitHub\VR_final\Library\PackageCache\com.unity.xr.oculus@1.6.1\Runtime\OculusLoader.cs:227 

(Filename: Library/PackageCache/com.unity.xr.oculus@1.6.1/Runtime/OculusLoader.cs Line: 242)

Mono: successfully reloaded assembly
- Completed reload, in  0.879 seconds
Platform modules already initialized, skipping
Refreshing native plugins compatible for Editor in 0.80 ms, found 6 plugins.
Preloading 1 native plugins for Editor in 0.12 ms.
Unloading 1990 Unused Serialized files (Serialized files now loaded: 0)
System memory in use before: 96.2 MB.
System memory in use after: 96.3 MB.

Unloading 40 unused Assets to reduce memory usage. Loaded Objects now: 2531.
Total: 2.900800 ms (FindLiveObjects: 0.394700 ms CreateObjectMapping: 0.127100 ms MarkObjects: 2.152400 ms  DeleteObjects: 0.223100 ms)

========================================================================
Received Prepare
Registering precompiled user dll's ...
Registered in 0.006518 seconds.
Begin MonoManager ReloadAssembly
Native extension for WindowsStandalone target not found
Native extension for OSXStandalone target not found
Native extension for WebGL target not found
Refreshing native plugins compatible for Editor in 0.80 ms, found 6 plugins.
Preloading 1 native plugins for Editor in 0.15 ms.
Invoked RoslynAnalysisRunner static constructor.
RoslynAnalysisRunner will not be running.
RoslynAnalysisRunner has terminated.
NullReferenceException: Object reference not set to an instance of an object
  at Unity.XR.Oculus.OculusLoader.AssetPathToAbsolutePath (System.String assetPath) [0x00048] in C:\Users\jimmy\Documents\GitHub\VR_final\Library\PackageCache\com.unity.xr.oculus@1.6.1\Runtime\OculusLoader.cs:242 
  at Unity.XR.Oculus.OculusLoader.EditorLoadOVRPlugin () [0x0007b] in C:\Users\jimmy\Documents\GitHub\VR_final\Library\PackageCache\com.unity.xr.oculus@1.6.1\Runtime\OculusLoader.cs:227 

(Filename: Library/PackageCache/com.unity.xr.oculus@1.6.1/Runtime/OculusLoader.cs Line: 242)

Mono: successfully reloaded assembly
- Completed reload, in  0.885 seconds
Platform modules already initialized, skipping
Refreshing native plugins compatible for Editor in 0.79 ms, found 6 plugins.
Preloading 1 native plugins for Editor in 0.12 ms.
Unloading 1990 Unused Serialized files (Serialized files now loaded: 0)
System memory in use before: 95.7 MB.
System memory in use after: 95.8 MB.

Unloading 40 unused Assets to reduce memory usage. Loaded Objects now: 2534.
Total: 2.665400 ms (FindLiveObjects: 0.321700 ms CreateObjectMapping: 0.087900 ms MarkObjects: 2.158800 ms  DeleteObjects: 0.094800 ms)

========================================================================
Received Prepare
Registering precompiled user dll's ...
Registered in 0.018125 seconds.
Begin MonoManager ReloadAssembly
Native extension for WindowsStandalone target not found
Native extension for OSXStandalone target not found
Native extension for WebGL target not found
Refreshing native plugins compatible for Editor in 0.83 ms, found 6 plugins.
Preloading 1 native plugins for Editor in 0.15 ms.
Invoked RoslynAnalysisRunner static constructor.
RoslynAnalysisRunner will not be running.
RoslynAnalysisRunner has terminated.
NullReferenceException: Object reference not set to an instance of an object
  at Unity.XR.Oculus.OculusLoader.AssetPathToAbsolutePath (System.String assetPath) [0x00048] in C:\Users\jimmy\Documents\GitHub\VR_final\Library\PackageCache\com.unity.xr.oculus@1.6.1\Runtime\OculusLoader.cs:242 
  at Unity.XR.Oculus.OculusLoader.EditorLoadOVRPlugin () [0x0007b] in C:\Users\jimmy\Documents\GitHub\VR_final\Library\PackageCache\com.unity.xr.oculus@1.6.1\Runtime\OculusLoader.cs:227 

(Filename: Library/PackageCache/com.unity.xr.oculus@1.6.1/Runtime/OculusLoader.cs Line: 242)

Mono: successfully reloaded assembly
- Completed reload, in  0.912 seconds
Platform modules already initialized, skipping
Refreshing native plugins compatible for Editor in 0.77 ms, found 6 plugins.
Preloading 1 native plugins for Editor in 0.12 ms.
Unloading 1990 Unused Serialized files (Serialized files now loaded: 0)
System memory in use before: 96.2 MB.
System memory in use after: 96.3 MB.

Unloading 40 unused Assets to reduce memory usage. Loaded Objects now: 2537.
Total: 3.057600 ms (FindLiveObjects: 0.556400 ms CreateObjectMapping: 0.108500 ms MarkObjects: 1.979500 ms  DeleteObjects: 0.411700 ms)

